<?xml version="1.0" encoding="UTF-8"?>
<!-- Generated by org.testng.reporters.JUnitReportReporter -->
<testsuite hostname="LAPTOP-PT5FP9QT" failures="0" tests="1" name="Practice" time="2.601" errors="0" timestamp="2025-06-30T12:01:31 IST" skipped="0">
  <testcase classname="Practice" name="getuser" time="2.601"/>
</testsuite> <!-- Practice -->
