<?xml version="1.0" encoding="UTF-8"?>
<!-- Generated by org.testng.reporters.JUnitReportReporter -->
<testsuite hostname="LAPTOP-PT5FP9QT" failures="0" tests="1" name="Post_request" time="3.555" errors="0" timestamp="2025-06-30T13:20:08 IST" skipped="0">
  <testcase classname="Post_request" name="postrequest" time="3.555"/>
</testsuite> <!-- Post_request -->
