<?xml version="1.0" encoding="UTF-8"?>
<!-- Generated by org.testng.reporters.JUnitReportReporter -->
<testsuite hostname="LAPTOP-PT5FP9QT" failures="0" tests="1" name="post_bypojo" time="23.652" errors="0" timestamp="2025-07-01T18:16:56 IST" skipped="0">
  <testcase classname="post_bypojo" name="bypojo" time="23.652"/>
</testsuite> <!-- post_bypojo -->
